  [1m[35m (3092.7ms)[0m  [1m[35mCREATE DATABASE "reddit_clone_development" ENCODING = 'unicode'[0m
  ↳ bin/rails:9
  [1m[35m (2817.6ms)[0m  [1m[35mCREATE DATABASE "reddit_clone_test" ENCODING = 'unicode'[0m
  ↳ bin/rails:9
  [1m[35m (67.4ms)[0m  [1m[35mCREATE TABLE "schema_migrations" ("version" character varying NOT NULL PRIMARY KEY)[0m
  ↳ bin/rails:9
  [1m[35m (23.2ms)[0m  [1m[35mCREATE TABLE "ar_internal_metadata" ("key" character varying NOT NULL PRIMARY KEY, "value" character varying, "created_at" timestamp NOT NULL, "updated_at" timestamp NOT NULL)[0m
  ↳ bin/rails:9
  [1m[35m (0.7ms)[0m  [1m[34mSELECT pg_try_advisory_lock(688274183373989625)[0m
  ↳ bin/rails:9
  [1m[35m (11.1ms)[0m  [1m[34mSELECT "schema_migrations"."version" FROM "schema_migrations" ORDER BY "schema_migrations"."version" ASC[0m
  ↳ bin/rails:9
Migrating to CreateUsers (20210308173451)
  [1m[35m (0.6ms)[0m  [1m[35mBEGIN[0m
  ↳ bin/rails:9
  [1m[35m (27.8ms)[0m  [1m[35mCREATE TABLE "users" ("id" bigserial primary key, "username" character varying NOT NULL, "password_digest" character varying NOT NULL, "session_token" character varying NOT NULL, "created_at" timestamp NOT NULL, "updated_at" timestamp NOT NULL)[0m
  ↳ db/migrate/20210308173451_create_users.rb:3
  [1m[35m (64.1ms)[0m  [1m[35mCREATE UNIQUE INDEX  "index_user_on_username" ON "user"  ("username")[0m
  ↳ db/migrate/20210308173451_create_users.rb:10
  [1m[35m (0.2ms)[0m  [1m[31mROLLBACK[0m
  ↳ bin/rails:9
  [1m[35m (0.3ms)[0m  [1m[34mSELECT pg_advisory_unlock(688274183373989625)[0m
  ↳ bin/rails:9
  [1m[35m (0.8ms)[0m  [1m[34mSELECT pg_try_advisory_lock(688274183373989625)[0m
  ↳ bin/rails:9
  [1m[35m (1.3ms)[0m  [1m[34mSELECT "schema_migrations"."version" FROM "schema_migrations" ORDER BY "schema_migrations"."version" ASC[0m
  ↳ bin/rails:9
Migrating to CreateUsers (20210308173451)
  [1m[35m (0.4ms)[0m  [1m[35mBEGIN[0m
  ↳ bin/rails:9
  [1m[35m (59.0ms)[0m  [1m[35mCREATE TABLE "users" ("id" bigserial primary key, "username" character varying NOT NULL, "password_digest" character varying NOT NULL, "session_token" character varying NOT NULL, "created_at" timestamp NOT NULL, "updated_at" timestamp NOT NULL)[0m
  ↳ db/migrate/20210308173451_create_users.rb:3
  [1m[35m (6.2ms)[0m  [1m[35mCREATE UNIQUE INDEX  "index_users_on_username" ON "users"  ("username")[0m
  ↳ db/migrate/20210308173451_create_users.rb:10
  [1m[35m (6.7ms)[0m  [1m[35mCREATE UNIQUE INDEX  "index_users_on_session_token" ON "users"  ("session_token")[0m
  ↳ db/migrate/20210308173451_create_users.rb:11
  [1m[36mActiveRecord::SchemaMigration Create (2.2ms)[0m  [1m[32mINSERT INTO "schema_migrations" ("version") VALUES ($1) RETURNING "version"[0m  [["version", "20210308173451"]]
  ↳ bin/rails:9
  [1m[35m (14.7ms)[0m  [1m[35mCOMMIT[0m
  ↳ bin/rails:9
  [1m[36mActiveRecord::InternalMetadata Load (10.0ms)[0m  [1m[34mSELECT  "ar_internal_metadata".* FROM "ar_internal_metadata" WHERE "ar_internal_metadata"."key" = $1 LIMIT $2[0m  [["key", "environment"], ["LIMIT", 1]]
  ↳ bin/rails:9
  [1m[35m (0.2ms)[0m  [1m[35mBEGIN[0m
  ↳ bin/rails:9
  [1m[36mActiveRecord::InternalMetadata Create (1.3ms)[0m  [1m[32mINSERT INTO "ar_internal_metadata" ("key", "value", "created_at", "updated_at") VALUES ($1, $2, $3, $4) RETURNING "key"[0m  [["key", "environment"], ["value", "development"], ["created_at", "2021-03-08 17:39:15.102012"], ["updated_at", "2021-03-08 17:39:15.102012"]]
  ↳ bin/rails:9
  [1m[35m (0.4ms)[0m  [1m[35mCOMMIT[0m
  ↳ bin/rails:9
  [1m[35m (0.3ms)[0m  [1m[34mSELECT pg_advisory_unlock(688274183373989625)[0m
  ↳ bin/rails:9
  [1m[35m (0.5ms)[0m  [1m[34mSELECT "schema_migrations"."version" FROM "schema_migrations" ORDER BY "schema_migrations"."version" ASC[0m
  ↳ bin/rails:9
  [1m[35m (0.4ms)[0m  [1m[34mSELECT "schema_migrations"."version" FROM "schema_migrations" ORDER BY "schema_migrations"."version" ASC[0m
  ↳ bin/rails:9
  [1m[35m (0.3ms)[0m  [1m[34mSELECT "ar_internal_metadata"."value" FROM "ar_internal_metadata" WHERE "ar_internal_metadata"."key" = $1[0m  [["key", "environment"]]
  ↳ bin/rails:9
  [1m[35m (0.3ms)[0m  [1m[34mSELECT "schema_migrations"."version" FROM "schema_migrations" ORDER BY "schema_migrations"."version" ASC[0m
  ↳ bin/rails:9
  [1m[35m (0.3ms)[0m  [1m[34mSELECT "ar_internal_metadata"."value" FROM "ar_internal_metadata" WHERE "ar_internal_metadata"."key" = $1[0m  [["key", "environment"]]
  ↳ bin/rails:9
  [1m[35m (0.3ms)[0m  [1m[34mSELECT "schema_migrations"."version" FROM "schema_migrations" ORDER BY "schema_migrations"."version" ASC[0m
  ↳ bin/rails:9
  [1m[35m (0.3ms)[0m  [1m[34mSELECT "ar_internal_metadata"."value" FROM "ar_internal_metadata" WHERE "ar_internal_metadata"."key" = $1[0m  [["key", "environment"]]
  ↳ bin/rails:9
  [1m[35m (415.2ms)[0m  [1m[35mDROP DATABASE IF EXISTS "reddit_clone_test"[0m
  ↳ bin/rails:9
  [1m[35m (3378.5ms)[0m  [1m[35mCREATE DATABASE "reddit_clone_test" ENCODING = 'unicode'[0m
  ↳ bin/rails:9
  [1m[35mSQL (4.4ms)[0m  [1m[35mCREATE EXTENSION IF NOT EXISTS "plpgsql"[0m
  ↳ db/schema.rb:16
  [1m[35m (0.7ms)[0m  [1m[35mDROP TABLE IF EXISTS "users" CASCADE[0m
  ↳ db/schema.rb:18
  [1m[35m (42.4ms)[0m  [1m[35mCREATE TABLE "users" ("id" bigserial primary key, "username" character varying NOT NULL, "password_digest" character varying NOT NULL, "session_token" character varying NOT NULL, "created_at" timestamp NOT NULL, "updated_at" timestamp NOT NULL)[0m
  ↳ db/schema.rb:18
  [1m[35m (7.3ms)[0m  [1m[35mCREATE UNIQUE INDEX  "index_users_on_session_token" ON "users"  ("session_token")[0m
  ↳ db/schema.rb:18
  [1m[35m (6.4ms)[0m  [1m[35mCREATE UNIQUE INDEX  "index_users_on_username" ON "users"  ("username")[0m
  ↳ db/schema.rb:18
  [1m[35m (16.2ms)[0m  [1m[35mCREATE TABLE "schema_migrations" ("version" character varying NOT NULL PRIMARY KEY)[0m
  ↳ db/schema.rb:13
  [1m[35m (13.2ms)[0m  [1m[34mSELECT "schema_migrations"."version" FROM "schema_migrations" ORDER BY "schema_migrations"."version" ASC[0m
  ↳ db/schema.rb:13
  [1m[35m (2.1ms)[0m  [1m[32mINSERT INTO "schema_migrations" (version) VALUES (20210308173451)[0m
  ↳ db/schema.rb:13
  [1m[35m (16.7ms)[0m  [1m[35mCREATE TABLE "ar_internal_metadata" ("key" character varying NOT NULL PRIMARY KEY, "value" character varying, "created_at" timestamp NOT NULL, "updated_at" timestamp NOT NULL)[0m
  ↳ db/schema.rb:13
  [1m[36mActiveRecord::InternalMetadata Load (13.0ms)[0m  [1m[34mSELECT  "ar_internal_metadata".* FROM "ar_internal_metadata" WHERE "ar_internal_metadata"."key" = $1 LIMIT $2[0m  [["key", "environment"], ["LIMIT", 1]]
  ↳ db/schema.rb:13
  [1m[35m (0.3ms)[0m  [1m[35mBEGIN[0m
  ↳ db/schema.rb:13
  [1m[36mActiveRecord::InternalMetadata Create (1.6ms)[0m  [1m[32mINSERT INTO "ar_internal_metadata" ("key", "value", "created_at", "updated_at") VALUES ($1, $2, $3, $4) RETURNING "key"[0m  [["key", "environment"], ["value", "development"], ["created_at", "2021-03-08 17:39:19.306425"], ["updated_at", "2021-03-08 17:39:19.306425"]]
  ↳ db/schema.rb:13
  [1m[35m (0.7ms)[0m  [1m[35mCOMMIT[0m
  ↳ db/schema.rb:13
  [1m[36mActiveRecord::InternalMetadata Load (0.5ms)[0m  [1m[34mSELECT  "ar_internal_metadata".* FROM "ar_internal_metadata" WHERE "ar_internal_metadata"."key" = $1 LIMIT $2[0m  [["key", "environment"], ["LIMIT", 1]]
  ↳ bin/rails:9
  [1m[35m (0.6ms)[0m  [1m[35mBEGIN[0m
  ↳ bin/rails:9
  [1m[36mActiveRecord::InternalMetadata Update (1.1ms)[0m  [1m[33mUPDATE "ar_internal_metadata" SET "value" = $1, "updated_at" = $2 WHERE "ar_internal_metadata"."key" = $3[0m  [["value", "test"], ["updated_at", "2021-03-08 17:39:19.337705"], ["key", "environment"]]
  ↳ bin/rails:9
  [1m[35m (0.7ms)[0m  [1m[35mCOMMIT[0m
  ↳ bin/rails:9
Started GET "/" for ::1 at 2021-03-08 10:59:11 -0800
  [1m[35m (10.5ms)[0m  [1m[34mSELECT "schema_migrations"."version" FROM "schema_migrations" ORDER BY "schema_migrations"."version" ASC[0m
  ↳ /home/laptop/.rbenv/versions/2.5.1/lib/ruby/gems/2.5.0/gems/activerecord-5.2.4.5/lib/active_record/log_subscriber.rb:98
Processing by Rails::WelcomeController#index as HTML
  Rendering /home/laptop/.rbenv/versions/2.5.1/lib/ruby/gems/2.5.0/gems/railties-5.2.4.5/lib/rails/templates/rails/welcome/index.html.erb
  Rendered /home/laptop/.rbenv/versions/2.5.1/lib/ruby/gems/2.5.0/gems/railties-5.2.4.5/lib/rails/templates/rails/welcome/index.html.erb (13.2ms)
Completed 200 OK in 71ms (Views: 44.2ms | ActiveRecord: 0.0ms)


Started GET "/users/new" for ::1 at 2021-03-08 10:59:29 -0800
Processing by UsersController#new as HTML
  Rendering users/new.html.erb within layouts/application
  Rendered users/new.html.erb within layouts/application (0.9ms)
Completed 200 OK in 1717ms (Views: 1716.7ms | ActiveRecord: 0.0ms)


Started POST "/users" for ::1 at 2021-03-08 10:59:46 -0800
Processing by UsersController#create as HTML
  Parameters: {"authenticity_token"=>"RlviGH4KIG1MROvWUFgD9doOY1WgiCI0zrfBH3FhlPwPKa+w2rNBXRJVn6ePXQNzifYMxFSNC6jAfEc7pjarZw==", "user"=>{"username"=>"JohnDoe", "password"=>"[FILTERED]"}}
Completed 500 Internal Server Error in 39ms (ActiveRecord: 26.0ms)


  
NameError (uninitialized constant User::BCrypt):
  
app/models/user.rb:19:in `password='
app/controllers/users_controller.rb:7:in `create'
Started POST "/users" for ::1 at 2021-03-08 11:03:48 -0800
Processing by UsersController#create as HTML
  Parameters: {"authenticity_token"=>"RlviGH4KIG1MROvWUFgD9doOY1WgiCI0zrfBH3FhlPwPKa+w2rNBXRJVn6ePXQNzifYMxFSNC6jAfEc7pjarZw==", "user"=>{"username"=>"JohnDoe", "password"=>"[FILTERED]"}}
Completed 500 Internal Server Error in 21ms (ActiveRecord: 4.9ms)


  
NameError (uninitialized constant User::BCrypt):
  
app/models/user.rb:19:in `password='
app/controllers/users_controller.rb:8:in `create'
Started POST "/users" for ::1 at 2021-03-08 11:05:55 -0800
Processing by UsersController#create as HTML
  Parameters: {"authenticity_token"=>"RlviGH4KIG1MROvWUFgD9doOY1WgiCI0zrfBH3FhlPwPKa+w2rNBXRJVn6ePXQNzifYMxFSNC6jAfEc7pjarZw==", "user"=>{"username"=>"JohnDoe", "password"=>"[FILTERED]"}}
Completed 500 Internal Server Error in 19ms (ActiveRecord: 5.2ms)


  
NameError (uninitialized constant User::BCrypt):
  
app/models/user.rb:19:in `password='
app/controllers/users_controller.rb:10:in `create'
Started POST "/users" for ::1 at 2021-03-08 11:06:01 -0800
Processing by UsersController#create as HTML
  Parameters: {"authenticity_token"=>"RlviGH4KIG1MROvWUFgD9doOY1WgiCI0zrfBH3FhlPwPKa+w2rNBXRJVn6ePXQNzifYMxFSNC6jAfEc7pjarZw==", "user"=>{"username"=>"JohnDoe", "password"=>"[FILTERED]"}}
Completed 500 Internal Server Error in 5ms (ActiveRecord: 0.0ms)


  
NameError (uninitialized constant User::BCrypt):
  
app/models/user.rb:19:in `password='
app/controllers/users_controller.rb:10:in `create'
Started POST "/users" for ::1 at 2021-03-08 11:08:18 -0800
Processing by UsersController#create as HTML
  Parameters: {"authenticity_token"=>"RlviGH4KIG1MROvWUFgD9doOY1WgiCI0zrfBH3FhlPwPKa+w2rNBXRJVn6ePXQNzifYMxFSNC6jAfEc7pjarZw==", "user"=>{"username"=>"JohnDoe", "password"=>"[FILTERED]"}}
Completed 500 Internal Server Error in 4ms (ActiveRecord: 0.0ms)


  
NameError (uninitialized constant User::BCrypt):
  
app/models/user.rb:19:in `password='
app/controllers/users_controller.rb:10:in `create'
Started POST "/users" for ::1 at 2021-03-08 11:09:18 -0800
Processing by UsersController#create as HTML
  Parameters: {"authenticity_token"=>"RlviGH4KIG1MROvWUFgD9doOY1WgiCI0zrfBH3FhlPwPKa+w2rNBXRJVn6ePXQNzifYMxFSNC6jAfEc7pjarZw==", "user"=>{"username"=>"JohnDoe", "password"=>"[FILTERED]"}}
Completed 500 Internal Server Error in 20ms (ActiveRecord: 3.1ms)


  
NameError (uninitialized constant User::BCrypt):
  
app/models/user.rb:19:in `password='
app/controllers/users_controller.rb:10:in `create'
Started POST "/users" for ::1 at 2021-03-08 11:10:47 -0800
Processing by UsersController#create as HTML
  Parameters: {"authenticity_token"=>"RlviGH4KIG1MROvWUFgD9doOY1WgiCI0zrfBH3FhlPwPKa+w2rNBXRJVn6ePXQNzifYMxFSNC6jAfEc7pjarZw==", "user"=>{"username"=>"JohnDoe", "password"=>"[FILTERED]"}}
Completed 500 Internal Server Error in 26ms (ActiveRecord: 7.3ms)


  
NameError (uninitialized constant User::BCrypt):
  
app/models/user.rb:19:in `password='
app/controllers/users_controller.rb:10:in `create'
Started POST "/users" for ::1 at 2021-03-08 11:10:54 -0800
Processing by UsersController#create as HTML
  Parameters: {"authenticity_token"=>"RlviGH4KIG1MROvWUFgD9doOY1WgiCI0zrfBH3FhlPwPKa+w2rNBXRJVn6ePXQNzifYMxFSNC6jAfEc7pjarZw==", "user"=>{"username"=>"JohnDoe", "password"=>"[FILTERED]"}}
Completed 500 Internal Server Error in 4ms (ActiveRecord: 0.0ms)


  
NameError (uninitialized constant User::BCrypt):
  
app/models/user.rb:19:in `password='
app/controllers/users_controller.rb:10:in `create'
Started POST "/users" for ::1 at 2021-03-08 11:12:23 -0800
Processing by UsersController#create as HTML
  Parameters: {"authenticity_token"=>"RlviGH4KIG1MROvWUFgD9doOY1WgiCI0zrfBH3FhlPwPKa+w2rNBXRJVn6ePXQNzifYMxFSNC6jAfEc7pjarZw==", "user"=>{"username"=>"JohnDoe", "password"=>"[FILTERED]"}}
Completed 500 Internal Server Error in 21ms (ActiveRecord: 6.9ms)


  
NameError (uninitialized constant User::BCrypt):
  
app/models/user.rb:19:in `password='
app/controllers/users_controller.rb:10:in `create'
